0::0:1:0	0	ERROR	No Response: player took too long to respond with action. This is No Response #1 in a row!
0::0:1:0	0	ERROR	No Response: player took too long to respond with action. This is No Response #2 in a row!
0::0:1:0	0	ERROR	No Response: player took too long to respond with action. This is No Response #3 in a row!
0::0:1:0	0	ERROR	No Response: player took too long to respond with action. This is No Response #4 in a row!
0::0:1:0	0	ERROR	No Response: player took too long to respond with action. This is No Response #5 in a row!
0::0:1:0	0	ERROR	No Response: player took too long to respond with action. This is No Response #6 in a row!
0::0:1:0	0	ERROR	No Response: player took too long to respond with action. This is No Response #7 in a row!
0::0:1:0	0	ERROR	No Response: player took too long to respond with action. This is No Response #8 in a row!
0::0:1:0	0	ERROR	No Response: player took too long to respond with action. This is No Response #9 in a row!
0::0:1:0	0	ERROR	No Response: player took too long to respond with action. This is No Response #10 in a row!
0::0:1:0	0	ERROR	No Response: player took too long to respond with action. This is No Response #11 in a row!
0::0:1:0	0	ERROR	No Response: player took too long to respond with action. This is No Response #12 in a row!
0::0:1:0	0	ERROR	No Response: player took too long to respond with action. This is No Response #13 in a row!
0::0:1:0	0	ERROR	No Response: player took too long to respond with action. This is No Response #14 in a row!
0::0:1:0	0	ERROR	No Response: player took too long to respond with action. This is No Response #15 in a row!
0::0:1:0	0	ERROR	No Response: player took too long to respond with action. This is No Response #16 in a row!
0::0:1:0	0	ERROR	No Response: player took too long to respond with action. This is No Response #17 in a row!
0::0:1:0	0	ERROR	No Response: player took too long to respond with action. This is No Response #18 in a row!
0::0:1:0	0	ERROR	No Response: player took too long to respond with action. This is No Response #19 in a row!
0::0:1:0	0	ERROR	No Response: player took too long to respond with action. This is No Response #20 in a row!
0::0:1:0	0	ERROR	No Response: player took too long to respond with action. This is No Response #21 in a row!
0::0:1:0	0	ERROR	No Response: player took too long to respond with action. This is No Response #22 in a row!
0::0:1:0	0	ERROR	No Response: player took too long to respond with action. This is No Response #23 in a row!
0::0:1:0	0	ERROR	No Response: player took too long to respond with action. This is No Response #24 in a row!
0::0:1:0	0	ERROR	No Response: player took too long to respond with action. This is No Response #25 in a row!
0::0:1:0	0	ERROR	No Response: player took too long to respond with action. This is No Response #26 in a row!
0::0:1:0	0	ERROR	No Response: player took too long to respond with action. This is No Response #27 in a row!
0::0:1:0	0	ERROR	No Response: player took too long to respond with action. This is No Response #28 in a row!
0::0:1:0	0	ERROR	No Response: player took too long to respond with action. This is No Response #29 in a row!
0::0:1:0	0	ERROR	No Response: player took too long to respond with action. This is No Response #30 in a row!
0::0:1:0	0	ERROR	No Response: player took too long to respond with action. This is No Response #31 in a row!
0::0:1:0	0	ERROR	No Response: player took too long to respond with action. This is No Response #32 in a row!
0::0:1:0	0	ERROR	No Response: player took too long to respond with action. This is No Response #33 in a row!
0::0:1:0	0	ERROR	No Response: player took too long to respond with action. This is No Response #34 in a row!
0::0:1:0	0	ERROR	No Response: player took too long to respond with action. This is No Response #35 in a row!
0::0:1:0	0	ERROR	No Response: player took too long to respond with action. This is No Response #36 in a row!
0::0:1:0	0	ERROR	No Response: player took too long to respond with action. This is No Response #37 in a row!
0::0:1:0	0	ERROR	No Response: player took too long to respond with action. This is No Response #38 in a row!
0::0:1:0	0	ERROR	No Response: player took too long to respond with action. This is No Response #39 in a row!
0::0:1:0	0	ERROR	No Response: player took too long to respond with action. This is No Response #40 in a row!
0::0:1:0	0	ERROR	No Response: player took too long to respond with action. This is No Response #41 in a row!
0::0:1:0	0	ERROR	No Response: player took too long to respond with action. This is No Response #42 in a row!
0::0:1:0	0	ERROR	No Response: player took too long to respond with action. This is No Response #43 in a row!
0::0:1:0	0	ERROR	No Response: player took too long to respond with action. This is No Response #44 in a row!
0::0:1:0	0	ERROR	No Response: player took too long to respond with action. This is No Response #45 in a row!
0::0:1:0	0	ERROR	No Response: player took too long to respond with action. This is No Response #46 in a row!
0::0:1:1	0	ERROR	No Response: player took too long to respond with action. This is No Response #47 in a row!
0::0:1:1	0	ERROR	No Response: player took too long to respond with action. This is No Response #48 in a row!
0::0:1:1	0	ERROR	No Response: player took too long to respond with action. This is No Response #49 in a row!
0::0:1:1	0	ERROR	No Response: player took too long to respond with action. This is No Response #50 in a row!
0::0:1:1	0	ERROR	Unresponsive Player: the player hasn't responded in too long... SOMETHING IS WRONG!!
0::0:1:1	0	ERROR	No Response: player took too long to respond with action. This is No Response #4 in a row!
0::0:1:1	0	ERROR	No Response: player took too long to respond with action. This is No Response #5 in a row!
0::0:1:1	0	ERROR	No Response: player took too long to respond with action. This is No Response #6 in a row!
0::0:1:1	0	ERROR	No Response: player took too long to respond with action. This is No Response #7 in a row!
0::0:1:1	0	ERROR	No Response: player took too long to respond with action. This is No Response #8 in a row!
0::0:1:1	0	ERROR	No Response: player took too long to respond with action. This is No Response #9 in a row!
0::0:1:1	0	ERROR	No Response: player took too long to respond with action. This is No Response #10 in a row!
0::0:1:1	0	ERROR	No Response: player took too long to respond with action. This is No Response #11 in a row!
0::0:1:1	0	ERROR	No Response: player took too long to respond with action. This is No Response #12 in a row!
0::0:1:1	0	ERROR	No Response: player took too long to respond with action. This is No Response #13 in a row!
0::0:1:1	0	ERROR	No Response: player took too long to respond with action. This is No Response #14 in a row!
0::0:1:2	4	VALUE	Rewards in last 100 rounds: 0
0::0:1:2	2	VALUE	Rewards in last 100 rounds: 0
0::0:1:2	3	VALUE	Rewards in last 100 rounds: 0
0::0:1:2	1	VALUE	Rewards in last 100 rounds: 0
0::0:1:2	0	VALUE	Rewards in last 100 rounds: 0
0::0:1:4	4	VALUE	Rewards in last 100 rounds: 0
0::0:1:4	1	VALUE	Rewards in last 100 rounds: 0
0::0:1:4	3	VALUE	Rewards in last 100 rounds: 0
0::0:1:4	2	VALUE	Rewards in last 100 rounds: 0
0::0:1:4	0	VALUE	Rewards in last 100 rounds: 0
0::0:1:6	1	VALUE	Rewards in last 100 rounds: 0
0::0:1:6	2	VALUE	Rewards in last 100 rounds: 0
0::0:1:6	4	VALUE	Rewards in last 100 rounds: 0
0::0:1:6	3	VALUE	Rewards in last 100 rounds: 0
0::0:1:6	0	VALUE	Rewards in last 100 rounds: -5
0::0:1:8	1	VALUE	Rewards in last 100 rounds: 0
0::0:1:8	2	VALUE	Rewards in last 100 rounds: 0
0::0:1:8	3	VALUE	Rewards in last 100 rounds: 0
0::0:1:8	4	VALUE	Rewards in last 100 rounds: 0
0::0:1:8	0	VALUE	Rewards in last 100 rounds: 0
0::0:1:10	3	VALUE	Rewards in last 100 rounds: 0
0::0:1:10	4	VALUE	Rewards in last 100 rounds: 0
0::0:1:10	1	VALUE	Rewards in last 100 rounds: 0
0::0:1:10	2	VALUE	Rewards in last 100 rounds: 0
0::0:1:10	0	VALUE	Rewards in last 100 rounds: 0
0::0:1:12	1	VALUE	Rewards in last 100 rounds: 0
0::0:1:12	2	VALUE	Rewards in last 100 rounds: 5
0::0:1:12	3	VALUE	Rewards in last 100 rounds: 0
0::0:1:12	4	VALUE	Rewards in last 100 rounds: 0
0::0:1:12	0	VALUE	Rewards in last 100 rounds: 0
0::0:1:15	4	VALUE	Rewards in last 100 rounds: 0
0::0:1:15	2	VALUE	Rewards in last 100 rounds: 0
0::0:1:15	3	VALUE	Rewards in last 100 rounds: 0
0::0:1:15	1	VALUE	Rewards in last 100 rounds: -1
0::0:1:15	0	VALUE	Rewards in last 100 rounds: 0
0::0:1:17	3	VALUE	Rewards in last 100 rounds: -5
0::0:1:17	4	VALUE	Rewards in last 100 rounds: 0
0::0:1:17	1	VALUE	Rewards in last 100 rounds: 0
0::0:1:17	2	VALUE	Rewards in last 100 rounds: 0
0::0:1:17	0	VALUE	Rewards in last 100 rounds: -5
0::0:1:19	1	VALUE	Rewards in last 100 rounds: 0
0::0:1:19	3	VALUE	Rewards in last 100 rounds: 0
0::0:1:19	2	VALUE	Rewards in last 100 rounds: -1
0::0:1:19	4	VALUE	Rewards in last 100 rounds: 0
0::0:1:19	0	VALUE	Rewards in last 100 rounds: 0
0::0:1:21	4	VALUE	Rewards in last 100 rounds: 0
0::0:1:21	2	VALUE	Rewards in last 100 rounds: -1
0::0:1:21	1	VALUE	Rewards in last 100 rounds: -5
0::0:1:21	3	VALUE	Rewards in last 100 rounds: 5
0::0:1:21	0	VALUE	Rewards in last 100 rounds: 0
0::0:1:23	3	VALUE	Rewards in last 100 rounds: 0
0::0:1:23	1	VALUE	Rewards in last 100 rounds: 0
0::0:1:23	2	VALUE	Rewards in last 100 rounds: 0
0::0:1:23	4	VALUE	Rewards in last 100 rounds: 5
0::0:1:23	0	VALUE	Rewards in last 100 rounds: -1
0::0:1:25	4	VALUE	Rewards in last 100 rounds: 0
0::0:1:25	1	VALUE	Rewards in last 100 rounds: 0
0::0:1:25	3	VALUE	Rewards in last 100 rounds: 2
0::0:1:25	2	VALUE	Rewards in last 100 rounds: 0
0::0:1:25	0	VALUE	Rewards in last 100 rounds: 0
0::0:1:27	2	VALUE	Rewards in last 100 rounds: 2
0::0:1:27	3	VALUE	Rewards in last 100 rounds: 0
0::0:1:27	4	VALUE	Rewards in last 100 rounds: 0
0::0:1:27	1	VALUE	Rewards in last 100 rounds: 10
0::0:1:27	0	VALUE	Rewards in last 100 rounds: 0
0::0:1:30	3	VALUE	Rewards in last 100 rounds: 0
0::0:1:30	1	VALUE	Rewards in last 100 rounds: 0
0::0:1:30	4	VALUE	Rewards in last 100 rounds: 5
0::0:1:30	2	VALUE	Rewards in last 100 rounds: 5
0::0:1:30	0	VALUE	Rewards in last 100 rounds: 0
0::0:1:32	3	VALUE	Rewards in last 100 rounds: 10
0::0:1:32	1	VALUE	Rewards in last 100 rounds: -1
0::0:1:32	4	VALUE	Rewards in last 100 rounds: 0
0::0:1:32	2	VALUE	Rewards in last 100 rounds: 0
0::0:1:32	0	VALUE	Rewards in last 100 rounds: 0
0::0:1:34	4	VALUE	Rewards in last 100 rounds: 0
0::0:1:34	2	VALUE	Rewards in last 100 rounds: 0
0::0:1:34	3	VALUE	Rewards in last 100 rounds: 5
0::0:1:34	1	VALUE	Rewards in last 100 rounds: -1
0::0:1:34	0	VALUE	Rewards in last 100 rounds: 0
0::0:1:36	2	VALUE	Rewards in last 100 rounds: 0
0::0:1:36	1	VALUE	Rewards in last 100 rounds: 0
0::0:1:36	3	VALUE	Rewards in last 100 rounds: 0
0::0:1:36	4	VALUE	Rewards in last 100 rounds: 0
0::0:1:36	0	VALUE	Rewards in last 100 rounds: 0
0::0:1:38	3	VALUE	Rewards in last 100 rounds: 0
0::0:1:38	1	VALUE	Rewards in last 100 rounds: 0
0::0:1:38	2	VALUE	Rewards in last 100 rounds: -2
0::0:1:38	4	VALUE	Rewards in last 100 rounds: -1
0::0:1:38	0	VALUE	Rewards in last 100 rounds: 0
0::0:1:40	3	VALUE	Rewards in last 100 rounds: 0
0::0:1:40	4	VALUE	Rewards in last 100 rounds: 0
0::0:1:40	2	VALUE	Rewards in last 100 rounds: 0
0::0:1:40	1	VALUE	Rewards in last 100 rounds: 0
0::0:1:40	0	VALUE	Rewards in last 100 rounds: 2
0::0:1:43	1	VALUE	Rewards in last 100 rounds: 2
0::0:1:43	3	VALUE	Rewards in last 100 rounds: 0
0::0:1:43	4	VALUE	Rewards in last 100 rounds: -1
0::0:1:43	2	VALUE	Rewards in last 100 rounds: 0
0::0:1:43	0	VALUE	Rewards in last 100 rounds: 0
0::0:1:45	3	VALUE	Rewards in last 100 rounds: -1
0::0:1:45	4	VALUE	Rewards in last 100 rounds: 2
0::0:1:45	2	VALUE	Rewards in last 100 rounds: 0
0::0:1:45	1	VALUE	Rewards in last 100 rounds: 0
0::0:1:45	0	VALUE	Rewards in last 100 rounds: -5
0::0:1:47	4	VALUE	Rewards in last 100 rounds: 10
0::0:1:47	2	VALUE	Rewards in last 100 rounds: 0
0::0:1:47	3	VALUE	Rewards in last 100 rounds: 9
0::0:1:47	1	VALUE	Rewards in last 100 rounds: 4
0::0:1:47	0	VALUE	Rewards in last 100 rounds: 0
0::0:1:49	4	VALUE	Rewards in last 100 rounds: 5
0::0:1:49	3	VALUE	Rewards in last 100 rounds: 0
0::0:1:49	2	VALUE	Rewards in last 100 rounds: 0
0::0:1:49	1	VALUE	Rewards in last 100 rounds: 0
0::0:1:49	0	VALUE	Rewards in last 100 rounds: 0
0::0:1:51	1	VALUE	Rewards in last 100 rounds: 2
0::0:1:51	3	VALUE	Rewards in last 100 rounds: 5
0::0:1:51	2	VALUE	Rewards in last 100 rounds: 4
0::0:1:51	4	VALUE	Rewards in last 100 rounds: 0
0::0:1:51	0	VALUE	Rewards in last 100 rounds: 0
0::0:1:53	4	VALUE	Rewards in last 100 rounds: 5
0::0:1:53	1	VALUE	Rewards in last 100 rounds: 2
0::0:1:53	3	VALUE	Rewards in last 100 rounds: 7
0::0:1:53	2	VALUE	Rewards in last 100 rounds: 1
0::0:1:53	0	VALUE	Rewards in last 100 rounds: 0
0::0:1:55	4	VALUE	Rewards in last 100 rounds: 7
0::0:1:55	2	VALUE	Rewards in last 100 rounds: 0
0::0:1:55	3	VALUE	Rewards in last 100 rounds: 0
0::0:1:55	1	VALUE	Rewards in last 100 rounds: 0
0::0:1:55	0	VALUE	Rewards in last 100 rounds: 1
0::0:1:58	3	VALUE	Rewards in last 100 rounds: 0
0::0:1:58	1	VALUE	Rewards in last 100 rounds: 4
0::0:1:58	4	VALUE	Rewards in last 100 rounds: 0
0::0:1:58	2	VALUE	Rewards in last 100 rounds: 0
0::0:1:58	0	VALUE	Rewards in last 100 rounds: 0
0::0:2:0	1	VALUE	Rewards in last 100 rounds: 0
0::0:2:0	2	VALUE	Rewards in last 100 rounds: 0
0::0:2:0	3	VALUE	Rewards in last 100 rounds: 0
0::0:2:0	4	VALUE	Rewards in last 100 rounds: -1
0::0:2:0	0	VALUE	Rewards in last 100 rounds: 0
0::0:2:2	1	VALUE	Rewards in last 100 rounds: -8
0::0:2:2	4	VALUE	Rewards in last 100 rounds: -1
0::0:2:2	2	VALUE	Rewards in last 100 rounds: 0
0::0:2:2	3	VALUE	Rewards in last 100 rounds: 0
0::0:2:2	0	VALUE	Rewards in last 100 rounds: 0
0::0:2:4	3	VALUE	Rewards in last 100 rounds: 0
0::0:2:4	1	VALUE	Rewards in last 100 rounds: 0
0::0:2:4	2	VALUE	Rewards in last 100 rounds: 2
0::0:2:4	4	VALUE	Rewards in last 100 rounds: 5
0::0:2:4	0	VALUE	Rewards in last 100 rounds: 0
0::0:2:6	3	VALUE	Rewards in last 100 rounds: 0
0::0:2:6	4	VALUE	Rewards in last 100 rounds: -1
0::0:2:6	2	VALUE	Rewards in last 100 rounds: 0
0::0:2:6	1	VALUE	Rewards in last 100 rounds: -7
0::0:2:6	0	VALUE	Rewards in last 100 rounds: -4
0::0:2:8	3	VALUE	Rewards in last 100 rounds: 2
0::0:2:8	4	VALUE	Rewards in last 100 rounds: 0
0::0:2:8	1	VALUE	Rewards in last 100 rounds: -5
0::0:2:8	2	VALUE	Rewards in last 100 rounds: 2
0::0:2:8	0	VALUE	Rewards in last 100 rounds: 0
0::0:2:11	2	VALUE	Rewards in last 100 rounds: 0
0::0:2:11	4	VALUE	Rewards in last 100 rounds: 6
0::0:2:11	1	VALUE	Rewards in last 100 rounds: 4
0::0:2:11	3	VALUE	Rewards in last 100 rounds: 0
0::0:2:11	0	VALUE	Rewards in last 100 rounds: -1
0::0:2:13	1	VALUE	Rewards in last 100 rounds: 0
0::0:2:13	2	VALUE	Rewards in last 100 rounds: 0
0::0:2:13	3	VALUE	Rewards in last 100 rounds: -6
0::0:2:13	4	VALUE	Rewards in last 100 rounds: 5
0::0:2:13	0	VALUE	Rewards in last 100 rounds: 5
0::0:2:15	3	VALUE	Rewards in last 100 rounds: -3
0::0:2:15	4	VALUE	Rewards in last 100 rounds: -2
0::0:2:15	1	VALUE	Rewards in last 100 rounds: 0
0::0:2:15	2	VALUE	Rewards in last 100 rounds: 10
0::0:2:15	0	VALUE	Rewards in last 100 rounds: 10
0::0:2:17	4	VALUE	Rewards in last 100 rounds: 0
0::0:2:17	2	VALUE	Rewards in last 100 rounds: -1
0::0:2:17	1	VALUE	Rewards in last 100 rounds: 7
0::0:2:17	3	VALUE	Rewards in last 100 rounds: 0
0::0:2:17	0	VALUE	Rewards in last 100 rounds: 6
0::0:2:19	4	VALUE	Rewards in last 100 rounds: 5
0::0:2:19	1	VALUE	Rewards in last 100 rounds: -10
0::0:2:19	3	VALUE	Rewards in last 100 rounds: 3
0::0:2:19	2	VALUE	Rewards in last 100 rounds: -11
0::0:2:19	0	VALUE	Rewards in last 100 rounds: 2
0::0:2:21	3	VALUE	Rewards in last 100 rounds: -5
0::0:2:21	1	VALUE	Rewards in last 100 rounds: 11
0::0:2:21	4	VALUE	Rewards in last 100 rounds: 5
0::0:2:21	2	VALUE	Rewards in last 100 rounds: 0
0::0:2:21	0	VALUE	Rewards in last 100 rounds: 7
0::0:2:23	1	VALUE	Rewards in last 100 rounds: 0
0::0:2:23	2	VALUE	Rewards in last 100 rounds: 0
0::0:2:23	4	VALUE	Rewards in last 100 rounds: 5
0::0:2:23	3	VALUE	Rewards in last 100 rounds: 0
0::0:2:23	0	VALUE	Rewards in last 100 rounds: 1
0::0:2:26	3	VALUE	Rewards in last 100 rounds: 0
0::0:2:26	1	VALUE	Rewards in last 100 rounds: 2
0::0:2:26	4	VALUE	Rewards in last 100 rounds: 0
0::0:2:26	2	VALUE	Rewards in last 100 rounds: 0
0::0:2:26	0	VALUE	Rewards in last 100 rounds: 4
0::0:2:28	4	VALUE	Rewards in last 100 rounds: 0
0::0:2:28	1	VALUE	Rewards in last 100 rounds: -1
0::0:2:28	2	VALUE	Rewards in last 100 rounds: 0
0::0:2:28	3	VALUE	Rewards in last 100 rounds: 0
0::0:2:28	0	VALUE	Rewards in last 100 rounds: 2
0::0:2:30	3	VALUE	Rewards in last 100 rounds: -2
0::0:2:30	2	VALUE	Rewards in last 100 rounds: 2
0::0:2:30	1	VALUE	Rewards in last 100 rounds: 7
0::0:2:30	4	VALUE	Rewards in last 100 rounds: 0
0::0:2:30	0	VALUE	Rewards in last 100 rounds: 0
0::0:2:32	3	VALUE	Rewards in last 100 rounds: 5
0::0:2:32	4	VALUE	Rewards in last 100 rounds: 0
0::0:2:32	2	VALUE	Rewards in last 100 rounds: -1
0::0:2:32	1	VALUE	Rewards in last 100 rounds: 0
0::0:2:32	0	VALUE	Rewards in last 100 rounds: 0
0::0:2:34	4	VALUE	Rewards in last 100 rounds: 1
0::0:2:34	2	VALUE	Rewards in last 100 rounds: 0
0::0:2:34	1	VALUE	Rewards in last 100 rounds: 0
0::0:2:34	3	VALUE	Rewards in last 100 rounds: 0
0::0:2:34	0	VALUE	Rewards in last 100 rounds: 6
0::0:2:36	4	VALUE	Rewards in last 100 rounds: -3
0::0:2:36	3	VALUE	Rewards in last 100 rounds: 0
0::0:2:36	2	VALUE	Rewards in last 100 rounds: -5
0::0:2:36	1	VALUE	Rewards in last 100 rounds: -5
0::0:2:36	0	VALUE	Rewards in last 100 rounds: 15
0::0:2:38	3	VALUE	Rewards in last 100 rounds: 7
0::0:2:38	2	VALUE	Rewards in last 100 rounds: 0
0::0:2:38	1	VALUE	Rewards in last 100 rounds: 4
0::0:2:38	4	VALUE	Rewards in last 100 rounds: 1
0::0:2:39	0	VALUE	Rewards in last 100 rounds: 7
0::0:2:41	1	VALUE	Rewards in last 100 rounds: -1
0::0:2:41	2	VALUE	Rewards in last 100 rounds: 0
0::0:2:41	4	VALUE	Rewards in last 100 rounds: 0
0::0:2:41	3	VALUE	Rewards in last 100 rounds: -3
0::0:2:41	0	VALUE	Rewards in last 100 rounds: -2
0::0:2:43	3	VALUE	Rewards in last 100 rounds: 0
0::0:2:43	1	VALUE	Rewards in last 100 rounds: -7
0::0:2:43	2	VALUE	Rewards in last 100 rounds: 0
0::0:2:43	4	VALUE	Rewards in last 100 rounds: 0
0::0:2:43	0	VALUE	Rewards in last 100 rounds: -1
0::0:2:45	4	VALUE	Rewards in last 100 rounds: -5
0::0:2:45	3	VALUE	Rewards in last 100 rounds: 0
0::0:2:45	2	VALUE	Rewards in last 100 rounds: -2
0::0:2:45	1	VALUE	Rewards in last 100 rounds: 9
0::0:2:45	0	VALUE	Rewards in last 100 rounds: 2
0::0:2:47	4	VALUE	Rewards in last 100 rounds: 0
0::0:2:47	2	VALUE	Rewards in last 100 rounds: 4
0::0:2:47	1	VALUE	Rewards in last 100 rounds: 0
0::0:2:47	3	VALUE	Rewards in last 100 rounds: 1
0::0:2:47	0	VALUE	Rewards in last 100 rounds: 7
0::0:2:49	3	VALUE	Rewards in last 100 rounds: 5
0::0:2:49	4	VALUE	Rewards in last 100 rounds: -1
0::0:2:49	1	VALUE	Rewards in last 100 rounds: -2
0::0:2:49	2	VALUE	Rewards in last 100 rounds: -6
0::0:2:49	0	VALUE	Rewards in last 100 rounds: -1
0::0:2:51	1	VALUE	Rewards in last 100 rounds: 0
0::0:2:51	2	VALUE	Rewards in last 100 rounds: 0
0::0:2:51	4	VALUE	Rewards in last 100 rounds: -1
0::0:2:51	3	VALUE	Rewards in last 100 rounds: 0
0::0:2:51	0	VALUE	Rewards in last 100 rounds: 4
0::0:2:54	2	VALUE	Rewards in last 100 rounds: 0
0::0:2:54	3	VALUE	Rewards in last 100 rounds: -5
0::0:2:54	1	VALUE	Rewards in last 100 rounds: 0
0::0:2:54	4	VALUE	Rewards in last 100 rounds: 2
0::0:2:54	0	VALUE	Rewards in last 100 rounds: 5
0::0:2:56	4	VALUE	Rewards in last 100 rounds: 2
0::0:2:56	1	VALUE	Rewards in last 100 rounds: 0
0::0:2:56	2	VALUE	Rewards in last 100 rounds: 0
0::0:2:56	3	VALUE	Rewards in last 100 rounds: 0
0::0:2:56	0	VALUE	Rewards in last 100 rounds: 6
0::0:2:58	2	VALUE	Rewards in last 100 rounds: 2
0::0:2:58	3	VALUE	Rewards in last 100 rounds: 0
0::0:2:58	4	VALUE	Rewards in last 100 rounds: -5
0::0:2:58	1	VALUE	Rewards in last 100 rounds: 0
0::0:2:58	0	VALUE	Rewards in last 100 rounds: 7
0::0:3:0	4	VALUE	Rewards in last 100 rounds: -1
0::0:3:0	3	VALUE	Rewards in last 100 rounds: 0
0::0:3:0	1	VALUE	Rewards in last 100 rounds: -1
0::0:3:0	2	VALUE	Rewards in last 100 rounds: -5
0::0:3:0	0	VALUE	Rewards in last 100 rounds: 15
0::0:3:2	2	VALUE	Rewards in last 100 rounds: 2
0::0:3:2	3	VALUE	Rewards in last 100 rounds: 0
0::0:3:2	4	VALUE	Rewards in last 100 rounds: 5
0::0:3:2	1	VALUE	Rewards in last 100 rounds: 4
0::0:3:2	0	VALUE	Rewards in last 100 rounds: 3
0::0:3:4	2	VALUE	Rewards in last 100 rounds: -1
0::0:3:4	1	VALUE	Rewards in last 100 rounds: 0
0::0:3:4	4	VALUE	Rewards in last 100 rounds: 2
0::0:3:4	3	VALUE	Rewards in last 100 rounds: 0
0::0:3:4	0	VALUE	Rewards in last 100 rounds: 4
0::0:3:6	2	VALUE	Rewards in last 100 rounds: 1
0::0:3:6	4	VALUE	Rewards in last 100 rounds: 0
0::0:3:6	1	VALUE	Rewards in last 100 rounds: -1
0::0:3:6	3	VALUE	Rewards in last 100 rounds: 5
0::0:3:6	0	VALUE	Rewards in last 100 rounds: 10
0::0:3:9	3	VALUE	Rewards in last 100 rounds: 0
0::0:3:9	4	VALUE	Rewards in last 100 rounds: 0
0::0:3:9	1	VALUE	Rewards in last 100 rounds: 0
0::0:3:9	2	VALUE	Rewards in last 100 rounds: 0
0::0:3:9	0	VALUE	Rewards in last 100 rounds: 8
0::0:3:11	3	VALUE	Rewards in last 100 rounds: 0
0::0:3:11	4	VALUE	Rewards in last 100 rounds: -5
0::0:3:11	1	VALUE	Rewards in last 100 rounds: 7
0::0:3:11	2	VALUE	Rewards in last 100 rounds: 0
0::0:3:11	0	VALUE	Rewards in last 100 rounds: 5
0::0:3:13	2	VALUE	Rewards in last 100 rounds: 2
0::0:3:13	3	VALUE	Rewards in last 100 rounds: 0
0::0:3:13	4	VALUE	Rewards in last 100 rounds: 2
0::0:3:13	1	VALUE	Rewards in last 100 rounds: 0
0::0:3:13	0	VALUE	Rewards in last 100 rounds: 5
0::0:3:15	3	VALUE	Rewards in last 100 rounds: 2
0::0:3:15	1	VALUE	Rewards in last 100 rounds: 0
0::0:3:15	4	VALUE	Rewards in last 100 rounds: 0
0::0:3:15	2	VALUE	Rewards in last 100 rounds: 2
0::0:3:15	0	VALUE	Rewards in last 100 rounds: -5
0::0:3:17	3	VALUE	Rewards in last 100 rounds: 2
0::0:3:17	2	VALUE	Rewards in last 100 rounds: -1
0::0:3:17	1	VALUE	Rewards in last 100 rounds: -5
0::0:3:17	4	VALUE	Rewards in last 100 rounds: 2
0::0:3:17	0	VALUE	Rewards in last 100 rounds: 6
0::0:3:19	4	VALUE	Rewards in last 100 rounds: 0
0::0:3:19	2	VALUE	Rewards in last 100 rounds: 0
0::0:3:19	3	VALUE	Rewards in last 100 rounds: 5
0::0:3:19	1	VALUE	Rewards in last 100 rounds: 7
0::0:3:19	0	VALUE	Rewards in last 100 rounds: 2
0::0:3:22	1	VALUE	Rewards in last 100 rounds: 1
0::0:3:22	4	VALUE	Rewards in last 100 rounds: 5
0::0:3:22	3	VALUE	Rewards in last 100 rounds: -5
0::0:3:22	2	VALUE	Rewards in last 100 rounds: 2
0::0:3:22	0	VALUE	Rewards in last 100 rounds: 2
0::0:3:24	2	VALUE	Rewards in last 100 rounds: -5
0::0:3:24	1	VALUE	Rewards in last 100 rounds: -1
0::0:3:24	4	VALUE	Rewards in last 100 rounds: 2
0::0:3:24	3	VALUE	Rewards in last 100 rounds: -1
0::0:3:24	0	VALUE	Rewards in last 100 rounds: 15
0::0:3:26	4	VALUE	Rewards in last 100 rounds: 0
0::0:3:26	1	VALUE	Rewards in last 100 rounds: -10
0::0:3:26	3	VALUE	Rewards in last 100 rounds: 12
0::0:3:26	2	VALUE	Rewards in last 100 rounds: 0
0::0:3:26	0	VALUE	Rewards in last 100 rounds: 7
0::0:3:28	4	VALUE	Rewards in last 100 rounds: 0
0::0:3:28	2	VALUE	Rewards in last 100 rounds: 0
0::0:3:28	1	VALUE	Rewards in last 100 rounds: -1
0::0:3:28	3	VALUE	Rewards in last 100 rounds: -1
0::0:3:28	0	VALUE	Rewards in last 100 rounds: 10
0::0:3:30	2	VALUE	Rewards in last 100 rounds: 0
0::0:3:30	4	VALUE	Rewards in last 100 rounds: 5
0::0:3:30	1	VALUE	Rewards in last 100 rounds: 0
0::0:3:30	3	VALUE	Rewards in last 100 rounds: 2
0::0:3:30	0	VALUE	Rewards in last 100 rounds: 10
0::0:3:32	3	VALUE	Rewards in last 100 rounds: 0
0::0:3:32	2	VALUE	Rewards in last 100 rounds: 5
0::0:3:32	1	VALUE	Rewards in last 100 rounds: -1
0::0:3:32	4	VALUE	Rewards in last 100 rounds: 2
0::0:3:32	0	VALUE	Rewards in last 100 rounds: 7
0::0:3:34	3	VALUE	Rewards in last 100 rounds: -1
0::0:3:34	1	VALUE	Rewards in last 100 rounds: -1
0::0:3:34	4	VALUE	Rewards in last 100 rounds: 0
0::0:3:34	2	VALUE	Rewards in last 100 rounds: -1
0::0:3:34	0	VALUE	Rewards in last 100 rounds: 24
0::0:3:37	3	VALUE	Rewards in last 100 rounds: 0
0::0:3:37	2	VALUE	Rewards in last 100 rounds: 0
0::0:3:37	4	VALUE	Rewards in last 100 rounds: -1
0::0:3:37	1	VALUE	Rewards in last 100 rounds: 0
0::0:3:37	0	VALUE	Rewards in last 100 rounds: 0
0::0:3:39	3	VALUE	Rewards in last 100 rounds: 6
0::0:3:39	2	VALUE	Rewards in last 100 rounds: 2
0::0:3:39	1	VALUE	Rewards in last 100 rounds: 0
0::0:3:39	4	VALUE	Rewards in last 100 rounds: 0
0::0:3:39	0	VALUE	Rewards in last 100 rounds: -1
0::0:3:41	3	VALUE	Rewards in last 100 rounds: 4
0::0:3:41	4	VALUE	Rewards in last 100 rounds: -1
0::0:3:41	2	VALUE	Rewards in last 100 rounds: -1
0::0:3:41	1	VALUE	Rewards in last 100 rounds: 0
0::0:3:41	0	VALUE	Rewards in last 100 rounds: -5
0::0:3:43	1	VALUE	Rewards in last 100 rounds: 0
0::0:3:43	3	VALUE	Rewards in last 100 rounds: 2
0::0:3:43	2	VALUE	Rewards in last 100 rounds: 0
0::0:3:43	4	VALUE	Rewards in last 100 rounds: 0
0::0:3:43	0	VALUE	Rewards in last 100 rounds: -5
0::0:3:45	2	VALUE	Rewards in last 100 rounds: 0
0::0:3:45	3	VALUE	Rewards in last 100 rounds: 0
0::0:3:45	4	VALUE	Rewards in last 100 rounds: 1
0::0:3:45	1	VALUE	Rewards in last 100 rounds: 0
0::0:3:45	0	VALUE	Rewards in last 100 rounds: 2
0::0:3:47	4	VALUE	Rewards in last 100 rounds: 0
0::0:3:47	2	VALUE	Rewards in last 100 rounds: 5
0::0:3:47	1	VALUE	Rewards in last 100 rounds: 0
0::0:3:47	3	VALUE	Rewards in last 100 rounds: 0
0::0:3:47	0	VALUE	Rewards in last 100 rounds: 2
0::0:3:50	2	VALUE	Rewards in last 100 rounds: -1
0::0:3:50	4	VALUE	Rewards in last 100 rounds: 2
0::0:3:50	1	VALUE	Rewards in last 100 rounds: 6
0::0:3:50	3	VALUE	Rewards in last 100 rounds: -1
0::0:3:50	0	VALUE	Rewards in last 100 rounds: 12
0::0:3:52	2	VALUE	Rewards in last 100 rounds: 0
0::0:3:52	3	VALUE	Rewards in last 100 rounds: 0
0::0:3:52	1	VALUE	Rewards in last 100 rounds: 1
0::0:3:52	4	VALUE	Rewards in last 100 rounds: 0
0::0:3:52	0	VALUE	Rewards in last 100 rounds: -1
0::0:3:54	1	VALUE	Rewards in last 100 rounds: 10
0::0:3:54	2	VALUE	Rewards in last 100 rounds: 0
0::0:3:54	3	VALUE	Rewards in last 100 rounds: 1
0::0:3:54	4	VALUE	Rewards in last 100 rounds: 0
0::0:3:54	0	VALUE	Rewards in last 100 rounds: 17
0::0:3:56	4	VALUE	Rewards in last 100 rounds: -5
0::0:3:56	2	VALUE	Rewards in last 100 rounds: 0
0::0:3:56	3	VALUE	Rewards in last 100 rounds: 1
0::0:3:56	1	VALUE	Rewards in last 100 rounds: -1
0::0:3:56	0	VALUE	Rewards in last 100 rounds: 5
0::0:3:58	4	VALUE	Rewards in last 100 rounds: 0
0::0:3:58	1	VALUE	Rewards in last 100 rounds: 0
0::0:3:58	2	VALUE	Rewards in last 100 rounds: 0
0::0:3:58	3	VALUE	Rewards in last 100 rounds: 4
0::0:3:58	0	VALUE	Rewards in last 100 rounds: 0
0::0:4:0	3	VALUE	Rewards in last 100 rounds: 0
0::0:4:0	2	VALUE	Rewards in last 100 rounds: 6
0::0:4:0	4	VALUE	Rewards in last 100 rounds: -5
0::0:4:0	1	VALUE	Rewards in last 100 rounds: -7
0::0:4:0	0	VALUE	Rewards in last 100 rounds: 12
0::0:4:2	1	VALUE	Rewards in last 100 rounds: 0
0::0:4:2	2	VALUE	Rewards in last 100 rounds: 5
0::0:4:2	4	VALUE	Rewards in last 100 rounds: -2
0::0:4:2	3	VALUE	Rewards in last 100 rounds: 5
0::0:4:2	0	VALUE	Rewards in last 100 rounds: 0
0::0:4:5	2	VALUE	Rewards in last 100 rounds: 0
0::0:4:5	4	VALUE	Rewards in last 100 rounds: -5
0::0:4:5	3	VALUE	Rewards in last 100 rounds: 0
0::0:4:5	1	VALUE	Rewards in last 100 rounds: 2
0::0:4:5	0	VALUE	Rewards in last 100 rounds: 5
0::0:4:7	2	VALUE	Rewards in last 100 rounds: -1
0::0:4:7	3	VALUE	Rewards in last 100 rounds: 9
0::0:4:7	1	VALUE	Rewards in last 100 rounds: 4
0::0:4:7	4	VALUE	Rewards in last 100 rounds: -5
0::0:4:7	0	VALUE	Rewards in last 100 rounds: 14
0::0:4:9	3	VALUE	Rewards in last 100 rounds: 0
0::0:4:9	2	VALUE	Rewards in last 100 rounds: 4
0::0:4:9	4	VALUE	Rewards in last 100 rounds: 0
0::0:4:9	1	VALUE	Rewards in last 100 rounds: -1
0::0:4:9	0	VALUE	Rewards in last 100 rounds: -3
0::0:4:11	2	VALUE	Rewards in last 100 rounds: -5
0::0:4:11	3	VALUE	Rewards in last 100 rounds: -1
0::0:4:11	1	VALUE	Rewards in last 100 rounds: 5
0::0:4:11	4	VALUE	Rewards in last 100 rounds: -2
0::0:4:11	0	VALUE	Rewards in last 100 rounds: 7
0::0:4:13	3	VALUE	Rewards in last 100 rounds: 5
0::0:4:13	4	VALUE	Rewards in last 100 rounds: 0
0::0:4:13	1	VALUE	Rewards in last 100 rounds: 2
0::0:4:13	2	VALUE	Rewards in last 100 rounds: 5
0::0:4:13	0	VALUE	Rewards in last 100 rounds: 2
0::0:4:15	1	VALUE	Rewards in last 100 rounds: 2
0::0:4:15	2	VALUE	Rewards in last 100 rounds: -1
0::0:4:15	3	VALUE	Rewards in last 100 rounds: 7
0::0:4:15	4	VALUE	Rewards in last 100 rounds: -2
0::0:4:15	0	VALUE	Rewards in last 100 rounds: 12
0::0:4:18	2	VALUE	Rewards in last 100 rounds: 7
0::0:4:18	1	VALUE	Rewards in last 100 rounds: 0
0::0:4:18	3	VALUE	Rewards in last 100 rounds: 9
0::0:4:18	4	VALUE	Rewards in last 100 rounds: 0
0::0:4:18	0	VALUE	Rewards in last 100 rounds: 7
0::0:4:20	1	VALUE	Rewards in last 100 rounds: 0
0::0:4:20	2	VALUE	Rewards in last 100 rounds: -2
0::0:4:20	4	VALUE	Rewards in last 100 rounds: 0
0::0:4:20	3	VALUE	Rewards in last 100 rounds: -2
0::0:4:20	0	VALUE	Rewards in last 100 rounds: -1
0::0:4:22	1	VALUE	Rewards in last 100 rounds: 0
0::0:4:22	2	VALUE	Rewards in last 100 rounds: 4
0::0:4:22	3	VALUE	Rewards in last 100 rounds: -1
0::0:4:22	4	VALUE	Rewards in last 100 rounds: 0
0::0:4:22	0	VALUE	Rewards in last 100 rounds: 5
0::0:4:24	2	VALUE	Rewards in last 100 rounds: -1
0::0:4:24	3	VALUE	Rewards in last 100 rounds: 8
0::0:4:24	1	VALUE	Rewards in last 100 rounds: 7
0::0:4:24	4	VALUE	Rewards in last 100 rounds: -5
0::0:4:24	0	VALUE	Rewards in last 100 rounds: 7
0::0:4:26	4	VALUE	Rewards in last 100 rounds: -6
0::0:4:26	3	VALUE	Rewards in last 100 rounds: -7
0::0:4:26	1	VALUE	Rewards in last 100 rounds: -10
0::0:4:26	2	VALUE	Rewards in last 100 rounds: 0
0::0:4:26	0	VALUE	Rewards in last 100 rounds: 4
0::0:4:28	1	VALUE	Rewards in last 100 rounds: 0
0::0:4:28	2	VALUE	Rewards in last 100 rounds: 2
0::0:4:28	3	VALUE	Rewards in last 100 rounds: 15
0::0:4:28	4	VALUE	Rewards in last 100 rounds: -1
0::0:4:28	0	VALUE	Rewards in last 100 rounds: 4
0::0:4:30	3	VALUE	Rewards in last 100 rounds: 6
0::0:4:30	1	VALUE	Rewards in last 100 rounds: 4
0::0:4:30	4	VALUE	Rewards in last 100 rounds: 1
0::0:4:30	2	VALUE	Rewards in last 100 rounds: 0
0::0:4:30	0	VALUE	Rewards in last 100 rounds: -7
0::0:4:33	2	VALUE	Rewards in last 100 rounds: -5
0::0:4:33	4	VALUE	Rewards in last 100 rounds: -5
0::0:4:33	3	VALUE	Rewards in last 100 rounds: -3
0::0:4:33	1	VALUE	Rewards in last 100 rounds: -7
0::0:4:33	0	VALUE	Rewards in last 100 rounds: -6
0::0:4:35	4	VALUE	Rewards in last 100 rounds: 2
0::0:4:35	3	VALUE	Rewards in last 100 rounds: -1
0::0:4:35	1	VALUE	Rewards in last 100 rounds: 2
0::0:4:35	2	VALUE	Rewards in last 100 rounds: 0
0::0:4:35	0	VALUE	Rewards in last 100 rounds: 14
0::0:4:37	4	VALUE	Rewards in last 100 rounds: 0
0::0:4:37	1	VALUE	Rewards in last 100 rounds: -5
0::0:4:37	3	VALUE	Rewards in last 100 rounds: 0
0::0:4:37	2	VALUE	Rewards in last 100 rounds: -1
0::0:4:37	0	VALUE	Rewards in last 100 rounds: 10
0::0:4:39	1	VALUE	Rewards in last 100 rounds: 1
0::0:4:39	2	VALUE	Rewards in last 100 rounds: 0
0::0:4:39	4	VALUE	Rewards in last 100 rounds: 1
0::0:4:39	3	VALUE	Rewards in last 100 rounds: -6
0::0:4:39	0	VALUE	Rewards in last 100 rounds: 0
0::0:4:41	2	VALUE	Rewards in last 100 rounds: 0
0::0:4:41	4	VALUE	Rewards in last 100 rounds: 9
0::0:4:41	1	VALUE	Rewards in last 100 rounds: 5
0::0:4:41	3	VALUE	Rewards in last 100 rounds: 0
0::0:4:41	0	VALUE	Rewards in last 100 rounds: 2
0::0:4:43	2	VALUE	Rewards in last 100 rounds: 0
0::0:4:43	3	VALUE	Rewards in last 100 rounds: 0
0::0:4:43	4	VALUE	Rewards in last 100 rounds: 0
0::0:4:43	1	VALUE	Rewards in last 100 rounds: 5
0::0:4:43	0	VALUE	Rewards in last 100 rounds: 7
0::0:4:45	3	VALUE	Rewards in last 100 rounds: 7
0::0:4:45	2	VALUE	Rewards in last 100 rounds: 0
0::0:4:45	1	VALUE	Rewards in last 100 rounds: 0
0::0:4:45	4	VALUE	Rewards in last 100 rounds: -1
0::0:4:45	0	VALUE	Rewards in last 100 rounds: 15
0::0:4:48	1	VALUE	Rewards in last 100 rounds: -3
0::0:4:48	2	VALUE	Rewards in last 100 rounds: 2
0::0:4:48	4	VALUE	Rewards in last 100 rounds: -7
0::0:4:48	3	VALUE	Rewards in last 100 rounds: 5
0::0:4:48	0	VALUE	Rewards in last 100 rounds: 5
0::0:4:50	2	VALUE	Rewards in last 100 rounds: 0
0::0:4:50	1	VALUE	Rewards in last 100 rounds: 1
0::0:4:50	3	VALUE	Rewards in last 100 rounds: 0
0::0:4:50	4	VALUE	Rewards in last 100 rounds: 9
0::0:4:50	0	VALUE	Rewards in last 100 rounds: 7
0::0:4:52	3	VALUE	Rewards in last 100 rounds: 2
0::0:4:52	2	VALUE	Rewards in last 100 rounds: -1
0::0:4:52	4	VALUE	Rewards in last 100 rounds: 1
0::0:4:52	1	VALUE	Rewards in last 100 rounds: 0
0::0:4:52	0	VALUE	Rewards in last 100 rounds: 7
0::0:4:54	1	VALUE	Rewards in last 100 rounds: 0
0::0:4:54	3	VALUE	Rewards in last 100 rounds: 4
0::0:4:54	2	VALUE	Rewards in last 100 rounds: 0
0::0:4:54	4	VALUE	Rewards in last 100 rounds: 10
0::0:4:54	0	VALUE	Rewards in last 100 rounds: 7
0::0:4:56	3	VALUE	Rewards in last 100 rounds: -1
0::0:4:56	2	VALUE	Rewards in last 100 rounds: 0
0::0:4:56	4	VALUE	Rewards in last 100 rounds: 0
0::0:4:56	1	VALUE	Rewards in last 100 rounds: -6
0::0:4:56	0	VALUE	Rewards in last 100 rounds: 9
0::0:4:58	1	VALUE	Rewards in last 100 rounds: 0
0::0:4:58	2	VALUE	Rewards in last 100 rounds: -1
0::0:4:58	4	VALUE	Rewards in last 100 rounds: 2
0::0:4:58	3	VALUE	Rewards in last 100 rounds: 0
0::0:4:58	0	VALUE	Rewards in last 100 rounds: 7
0::0:5:1	2	VALUE	Rewards in last 100 rounds: 2
0::0:5:1	3	VALUE	Rewards in last 100 rounds: -6
0::0:5:1	1	VALUE	Rewards in last 100 rounds: -5
0::0:5:1	4	VALUE	Rewards in last 100 rounds: 0
0::0:5:1	0	VALUE	Rewards in last 100 rounds: 13
0::0:5:3	3	VALUE	Rewards in last 100 rounds: 0
0::0:5:3	4	VALUE	Rewards in last 100 rounds: -5
0::0:5:3	2	VALUE	Rewards in last 100 rounds: 2
0::0:5:3	1	VALUE	Rewards in last 100 rounds: 5
0::0:5:3	0	VALUE	Rewards in last 100 rounds: 12
0::0:5:5	3	VALUE	Rewards in last 100 rounds: -1
0::0:5:5	1	VALUE	Rewards in last 100 rounds: -1
0::0:5:5	4	VALUE	Rewards in last 100 rounds: 0
0::0:5:5	2	VALUE	Rewards in last 100 rounds: -5
0::0:5:5	0	VALUE	Rewards in last 100 rounds: 20
0::0:5:7	1	VALUE	Rewards in last 100 rounds: 0
0::0:5:7	4	VALUE	Rewards in last 100 rounds: 0
0::0:5:7	3	VALUE	Rewards in last 100 rounds: -1
0::0:5:7	2	VALUE	Rewards in last 100 rounds: 2
0::0:5:7	0	VALUE	Rewards in last 100 rounds: -1
0::0:5:9	3	VALUE	Rewards in last 100 rounds: 5
0::0:5:9	4	VALUE	Rewards in last 100 rounds: 0
0::0:5:9	1	VALUE	Rewards in last 100 rounds: 0
0::0:5:9	2	VALUE	Rewards in last 100 rounds: 0
0::0:5:9	0	VALUE	Rewards in last 100 rounds: 7
0::0:5:11	2	VALUE	Rewards in last 100 rounds: -2
0::0:5:11	3	VALUE	Rewards in last 100 rounds: 7
0::0:5:11	1	VALUE	Rewards in last 100 rounds: -6
0::0:5:11	4	VALUE	Rewards in last 100 rounds: 2
0::0:5:11	0	VALUE	Rewards in last 100 rounds: 5
0::0:5:13	4	VALUE	Rewards in last 100 rounds: 5
0::0:5:13	2	VALUE	Rewards in last 100 rounds: 0
0::0:5:13	1	VALUE	Rewards in last 100 rounds: -5
0::0:5:13	3	VALUE	Rewards in last 100 rounds: 0
0::0:5:13	0	VALUE	Rewards in last 100 rounds: 1
0::0:5:16	3	VALUE	Rewards in last 100 rounds: 2
0::0:5:16	1	VALUE	Rewards in last 100 rounds: 0
0::0:5:16	2	VALUE	Rewards in last 100 rounds: 0
0::0:5:16	4	VALUE	Rewards in last 100 rounds: -1
0::0:5:16	0	VALUE	Rewards in last 100 rounds: 12
0::0:5:18	2	VALUE	Rewards in last 100 rounds: 0
0::0:5:18	1	VALUE	Rewards in last 100 rounds: -5
0::0:5:18	4	VALUE	Rewards in last 100 rounds: 0
0::0:5:18	3	VALUE	Rewards in last 100 rounds: 4
0::0:5:18	0	VALUE	Rewards in last 100 rounds: 9
0::0:5:20	3	VALUE	Rewards in last 100 rounds: 0
0::0:5:20	1	VALUE	Rewards in last 100 rounds: 9
0::0:5:20	4	VALUE	Rewards in last 100 rounds: 0
0::0:5:20	2	VALUE	Rewards in last 100 rounds: 5
0::0:5:20	0	VALUE	Rewards in last 100 rounds: 2
0::0:5:22	2	VALUE	Rewards in last 100 rounds: -1
0::0:5:22	4	VALUE	Rewards in last 100 rounds: -1
0::0:5:22	1	VALUE	Rewards in last 100 rounds: 5
0::0:5:22	3	VALUE	Rewards in last 100 rounds: 2
0::0:5:22	0	VALUE	Rewards in last 100 rounds: 5
0::0:5:24	4	VALUE	Rewards in last 100 rounds: 9
0::0:5:24	2	VALUE	Rewards in last 100 rounds: -1
0::0:5:24	3	VALUE	Rewards in last 100 rounds: 0
0::0:5:24	1	VALUE	Rewards in last 100 rounds: 0
0::0:5:24	0	VALUE	Rewards in last 100 rounds: 9
0::0:5:26	2	VALUE	Rewards in last 100 rounds: -1
0::0:5:26	3	VALUE	Rewards in last 100 rounds: 0
0::0:5:26	4	VALUE	Rewards in last 100 rounds: 5
0::0:5:26	1	VALUE	Rewards in last 100 rounds: 0
0::0:5:26	0	VALUE	Rewards in last 100 rounds: 21
0::0:5:28	4	VALUE	Rewards in last 100 rounds: 2
0::0:5:28	2	VALUE	Rewards in last 100 rounds: 3
0::0:5:28	3	VALUE	Rewards in last 100 rounds: -1
0::0:5:28	1	VALUE	Rewards in last 100 rounds: 2
0::0:5:28	0	VALUE	Rewards in last 100 rounds: 0
0::0:5:31	3	VALUE	Rewards in last 100 rounds: 4
0::0:5:31	1	VALUE	Rewards in last 100 rounds: 0
0::0:5:31	2	VALUE	Rewards in last 100 rounds: 5
0::0:5:31	4	VALUE	Rewards in last 100 rounds: 0
0::0:5:31	0	VALUE	Rewards in last 100 rounds: 0
0::0:5:33	1	VALUE	Rewards in last 100 rounds: -1
0::0:5:33	3	VALUE	Rewards in last 100 rounds: -5
0::0:5:33	2	VALUE	Rewards in last 100 rounds: -1
0::0:5:33	4	VALUE	Rewards in last 100 rounds: 5
0::0:5:33	0	VALUE	Rewards in last 100 rounds: 6
0::0:5:35	2	VALUE	Rewards in last 100 rounds: -3
0::0:5:35	3	VALUE	Rewards in last 100 rounds: 7
0::0:5:35	1	VALUE	Rewards in last 100 rounds: -6
0::0:5:35	4	VALUE	Rewards in last 100 rounds: 2
0::0:5:35	0	VALUE	Rewards in last 100 rounds: 17
0::0:5:37	4	VALUE	Rewards in last 100 rounds: 3
0::0:5:37	3	VALUE	Rewards in last 100 rounds: 0
0::0:5:37	1	VALUE	Rewards in last 100 rounds: 0
0::0:5:37	2	VALUE	Rewards in last 100 rounds: 0
0::0:5:37	0	VALUE	Rewards in last 100 rounds: 12
0::0:5:39	4	VALUE	Rewards in last 100 rounds: 4
0::0:5:39	2	VALUE	Rewards in last 100 rounds: -5
0::0:5:39	1	VALUE	Rewards in last 100 rounds: 0
0::0:5:39	3	VALUE	Rewards in last 100 rounds: -1
0::0:5:39	0	VALUE	Rewards in last 100 rounds: 15
0::0:5:41	2	VALUE	Rewards in last 100 rounds: 0
0::0:5:41	1	VALUE	Rewards in last 100 rounds: 4
0::0:5:41	4	VALUE	Rewards in last 100 rounds: 0
0::0:5:41	3	VALUE	Rewards in last 100 rounds: 0
0::0:5:41	0	VALUE	Rewards in last 100 rounds: 2
0::0:5:44	2	VALUE	Rewards in last 100 rounds: 0
0::0:5:44	3	VALUE	Rewards in last 100 rounds: 0
0::0:5:44	1	VALUE	Rewards in last 100 rounds: 4
0::0:5:44	4	VALUE	Rewards in last 100 rounds: 0
0::0:5:44	0	VALUE	Rewards in last 100 rounds: 5
0::0:5:46	3	VALUE	Rewards in last 100 rounds: -5
0::0:5:46	1	VALUE	Rewards in last 100 rounds: 0
0::0:5:46	2	VALUE	Rewards in last 100 rounds: -1
0::0:5:46	4	VALUE	Rewards in last 100 rounds: -1
0::0:5:46	0	VALUE	Rewards in last 100 rounds: 9
0::0:5:48	4	VALUE	Rewards in last 100 rounds: 2
0::0:5:48	1	VALUE	Rewards in last 100 rounds: 0
0::0:5:48	3	VALUE	Rewards in last 100 rounds: 5
0::0:5:48	2	VALUE	Rewards in last 100 rounds: 0
0::0:5:48	0	VALUE	Rewards in last 100 rounds: 8
0::0:5:50	3	VALUE	Rewards in last 100 rounds: -1
0::0:5:50	2	VALUE	Rewards in last 100 rounds: -1
0::0:5:50	1	VALUE	Rewards in last 100 rounds: -1
0::0:5:50	4	VALUE	Rewards in last 100 rounds: -4
0::0:5:50	0	VALUE	Rewards in last 100 rounds: 4
0::0:5:52	1	VALUE	Rewards in last 100 rounds: 0
0::0:5:52	3	VALUE	Rewards in last 100 rounds: -1
0::0:5:52	4	VALUE	Rewards in last 100 rounds: 1
0::0:5:52	2	VALUE	Rewards in last 100 rounds: 0
0::0:5:52	0	VALUE	Rewards in last 100 rounds: 0
0::0:5:54	1	VALUE	Rewards in last 100 rounds: 0
0::0:5:54	4	VALUE	Rewards in last 100 rounds: 0
0::0:5:54	3	VALUE	Rewards in last 100 rounds: -2
0::0:5:54	2	VALUE	Rewards in last 100 rounds: 2
0::0:5:54	0	VALUE	Rewards in last 100 rounds: 0
0::0:5:56	4	VALUE	Rewards in last 100 rounds: 0
0::0:5:56	1	VALUE	Rewards in last 100 rounds: -1
0::0:5:56	3	VALUE	Rewards in last 100 rounds: 6
0::0:5:56	2	VALUE	Rewards in last 100 rounds: -6
0::0:5:56	0	VALUE	Rewards in last 100 rounds: 0
0::0:5:59	4	VALUE	Rewards in last 100 rounds: 0
0::0:5:59	3	VALUE	Rewards in last 100 rounds: 0
0::0:5:59	2	VALUE	Rewards in last 100 rounds: 0
0::0:5:59	1	VALUE	Rewards in last 100 rounds: -1
0::0:5:59	0	VALUE	Rewards in last 100 rounds: 12
0::0:6:1	2	VALUE	Rewards in last 100 rounds: 0
0::0:6:1	1	VALUE	Rewards in last 100 rounds: 0
0::0:6:1	3	VALUE	Rewards in last 100 rounds: 1
0::0:6:1	4	VALUE	Rewards in last 100 rounds: -1
0::0:6:1	0	VALUE	Rewards in last 100 rounds: 0
0::0:6:3	4	VALUE	Rewards in last 100 rounds: 0
0::0:6:3	1	VALUE	Rewards in last 100 rounds: -1
0::0:6:3	2	VALUE	Rewards in last 100 rounds: 5
0::0:6:3	3	VALUE	Rewards in last 100 rounds: 0
0::0:6:3	0	VALUE	Rewards in last 100 rounds: 10
0::0:6:5	4	VALUE	Rewards in last 100 rounds: 4
0::0:6:5	2	VALUE	Rewards in last 100 rounds: -2
0::0:6:5	1	VALUE	Rewards in last 100 rounds: 2
0::0:6:5	3	VALUE	Rewards in last 100 rounds: 0
0::0:6:5	0	VALUE	Rewards in last 100 rounds: 10
0::0:6:7	3	VALUE	Rewards in last 100 rounds: 0
0::0:6:7	1	VALUE	Rewards in last 100 rounds: 0
0::0:6:7	4	VALUE	Rewards in last 100 rounds: 0
0::0:6:7	2	VALUE	Rewards in last 100 rounds: 0
0::0:6:7	0	VALUE	Rewards in last 100 rounds: 5
0::0:6:9	2	VALUE	Rewards in last 100 rounds: 0
0::0:6:9	4	VALUE	Rewards in last 100 rounds: -1
0::0:6:9	3	VALUE	Rewards in last 100 rounds: -1
0::0:6:9	1	VALUE	Rewards in last 100 rounds: 0
0::0:6:9	0	VALUE	Rewards in last 100 rounds: 11
0::0:6:11	4	VALUE	Rewards in last 100 rounds: 0
0::0:6:11	2	VALUE	Rewards in last 100 rounds: 0
0::0:6:11	1	VALUE	Rewards in last 100 rounds: 4
0::0:6:11	3	VALUE	Rewards in last 100 rounds: 0
0::0:6:12	0	VALUE	Rewards in last 100 rounds: 0
0::0:6:14	3	VALUE	Rewards in last 100 rounds: 1
0::0:6:14	2	VALUE	Rewards in last 100 rounds: -1
0::0:6:14	4	VALUE	Rewards in last 100 rounds: 0
0::0:6:14	1	VALUE	Rewards in last 100 rounds: 0
0::0:6:14	0	VALUE	Rewards in last 100 rounds: -5
0::0:6:16	3	VALUE	Rewards in last 100 rounds: 2
0::0:6:16	1	VALUE	Rewards in last 100 rounds: 0
0::0:6:16	2	VALUE	Rewards in last 100 rounds: 12
0::0:6:16	4	VALUE	Rewards in last 100 rounds: 0
0::0:6:16	0	VALUE	Rewards in last 100 rounds: -1
0::0:6:18	3	VALUE	Rewards in last 100 rounds: -5
0::0:6:18	4	VALUE	Rewards in last 100 rounds: 10
0::0:6:18	2	VALUE	Rewards in last 100 rounds: 2
0::0:6:18	1	VALUE	Rewards in last 100 rounds: 2
0::0:6:18	0	VALUE	Rewards in last 100 rounds: 7
0::0:6:20	3	VALUE	Rewards in last 100 rounds: -1
0::0:6:20	1	VALUE	Rewards in last 100 rounds: -1
0::0:6:20	4	VALUE	Rewards in last 100 rounds: 12
0::0:6:20	2	VALUE	Rewards in last 100 rounds: 0
0::0:6:20	0	VALUE	Rewards in last 100 rounds: 5
0::0:6:22	1	VALUE	Rewards in last 100 rounds: 4
0::0:6:22	4	VALUE	Rewards in last 100 rounds: 0
0::0:6:22	2	VALUE	Rewards in last 100 rounds: -1
0::0:6:22	3	VALUE	Rewards in last 100 rounds: 4
0::0:6:22	0	VALUE	Rewards in last 100 rounds: 13
0::0:6:24	3	VALUE	Rewards in last 100 rounds: 5
0::0:6:24	2	VALUE	Rewards in last 100 rounds: 0
0::0:6:24	4	VALUE	Rewards in last 100 rounds: -5
0::0:6:24	1	VALUE	Rewards in last 100 rounds: 0
0::0:6:24	0	VALUE	Rewards in last 100 rounds: 0
0::0:6:27	3	VALUE	Rewards in last 100 rounds: 2
0::0:6:27	4	VALUE	Rewards in last 100 rounds: 2
0::0:6:27	1	VALUE	Rewards in last 100 rounds: 0
0::0:6:27	2	VALUE	Rewards in last 100 rounds: -1
0::0:6:27	0	VALUE	Rewards in last 100 rounds: 2
0::0:6:29	3	VALUE	Rewards in last 100 rounds: -1
0::0:6:29	2	VALUE	Rewards in last 100 rounds: 0
0::0:6:29	4	VALUE	Rewards in last 100 rounds: 5
0::0:6:29	1	VALUE	Rewards in last 100 rounds: 0
0::0:6:29	0	VALUE	Rewards in last 100 rounds: 5
0::0:6:31	4	VALUE	Rewards in last 100 rounds: 0
0::0:6:31	2	VALUE	Rewards in last 100 rounds: 5
0::0:6:31	1	VALUE	Rewards in last 100 rounds: 3
0::0:6:31	3	VALUE	Rewards in last 100 rounds: -2
0::0:6:31	0	VALUE	Rewards in last 100 rounds: 5
0::0:6:33	2	VALUE	Rewards in last 100 rounds: 7
0::0:6:33	4	VALUE	Rewards in last 100 rounds: 0
0::0:6:33	1	VALUE	Rewards in last 100 rounds: 5
0::0:6:33	3	VALUE	Rewards in last 100 rounds: 7
0::0:6:33	0	VALUE	Rewards in last 100 rounds: 3
0::0:6:35	2	VALUE	Rewards in last 100 rounds: -5
0::0:6:35	4	VALUE	Rewards in last 100 rounds: -1
0::0:6:35	3	VALUE	Rewards in last 100 rounds: -5
0::0:6:35	1	VALUE	Rewards in last 100 rounds: 0
0::0:6:35	0	VALUE	Rewards in last 100 rounds: 7
0::0:6:37	4	VALUE	Rewards in last 100 rounds: 10
0::0:6:37	1	VALUE	Rewards in last 100 rounds: -1
0::0:6:37	3	VALUE	Rewards in last 100 rounds: 6
0::0:6:37	2	VALUE	Rewards in last 100 rounds: 1
0::0:6:37	0	VALUE	Rewards in last 100 rounds: 10
0::0:6:39	1	VALUE	Rewards in last 100 rounds: 0
0::0:6:39	4	VALUE	Rewards in last 100 rounds: 0
0::0:6:39	2	VALUE	Rewards in last 100 rounds: -1
0::0:6:39	3	VALUE	Rewards in last 100 rounds: -1
0::0:6:39	0	VALUE	Rewards in last 100 rounds: 2
0::0:6:42	2	VALUE	Rewards in last 100 rounds: 2
0::0:6:42	3	VALUE	Rewards in last 100 rounds: -2
0::0:6:42	4	VALUE	Rewards in last 100 rounds: 0
0::0:6:42	1	VALUE	Rewards in last 100 rounds: 0
0::0:6:42	0	VALUE	Rewards in last 100 rounds: -1
0::0:6:44	2	VALUE	Rewards in last 100 rounds: -5
0::0:6:44	1	VALUE	Rewards in last 100 rounds: 5
0::0:6:44	4	VALUE	Rewards in last 100 rounds: 0
0::0:6:44	3	VALUE	Rewards in last 100 rounds: 0
0::0:6:44	0	VALUE	Rewards in last 100 rounds: 10
0::0:6:46	2	VALUE	Rewards in last 100 rounds: -1
0::0:6:46	3	VALUE	Rewards in last 100 rounds: 2
0::0:6:46	1	VALUE	Rewards in last 100 rounds: -1
0::0:6:46	4	VALUE	Rewards in last 100 rounds: 10
0::0:6:46	0	VALUE	Rewards in last 100 rounds: 11
0::0:6:48	2	VALUE	Rewards in last 100 rounds: 0
0::0:6:48	3	VALUE	Rewards in last 100 rounds: -1
0::0:6:48	4	VALUE	Rewards in last 100 rounds: 0
0::0:6:48	1	VALUE	Rewards in last 100 rounds: 0
0::0:6:48	0	VALUE	Rewards in last 100 rounds: 10
0::0:6:50	4	VALUE	Rewards in last 100 rounds: 0
0::0:6:50	2	VALUE	Rewards in last 100 rounds: 0
0::0:6:50	1	VALUE	Rewards in last 100 rounds: 0
0::0:6:50	3	VALUE	Rewards in last 100 rounds: 5
0::0:6:50	0	VALUE	Rewards in last 100 rounds: 4
0::0:6:52	1	VALUE	Rewards in last 100 rounds: 0
0::0:6:52	4	VALUE	Rewards in last 100 rounds: 2
0::0:6:52	3	VALUE	Rewards in last 100 rounds: -2
0::0:6:52	2	VALUE	Rewards in last 100 rounds: 0
0::0:6:52	0	VALUE	Rewards in last 100 rounds: 14
0::0:6:55	3	VALUE	Rewards in last 100 rounds: 3
0::0:6:55	2	VALUE	Rewards in last 100 rounds: -1
0::0:6:55	4	VALUE	Rewards in last 100 rounds: 0
0::0:6:55	1	VALUE	Rewards in last 100 rounds: 0
0::0:6:55	0	VALUE	Rewards in last 100 rounds: 21
0::0:6:57	1	VALUE	Rewards in last 100 rounds: 0
0::0:6:57	3	VALUE	Rewards in last 100 rounds: 0
0::0:6:57	2	VALUE	Rewards in last 100 rounds: 0
0::0:6:57	4	VALUE	Rewards in last 100 rounds: -1
0::0:6:57	0	VALUE	Rewards in last 100 rounds: 2
0::0:6:59	1	VALUE	Rewards in last 100 rounds: -5
0::0:6:59	4	VALUE	Rewards in last 100 rounds: -5
0::0:6:59	2	VALUE	Rewards in last 100 rounds: 2
0::0:6:59	3	VALUE	Rewards in last 100 rounds: 1
0::0:6:59	0	VALUE	Rewards in last 100 rounds: 19
0::0:7:1	1	VALUE	Rewards in last 100 rounds: 0
0::0:7:1	2	VALUE	Rewards in last 100 rounds: 0
0::0:7:1	4	VALUE	Rewards in last 100 rounds: -1
0::0:7:1	3	VALUE	Rewards in last 100 rounds: 0
0::0:7:1	0	VALUE	Rewards in last 100 rounds: 6
0::0:7:3	2	VALUE	Rewards in last 100 rounds: -1
0::0:7:3	1	VALUE	Rewards in last 100 rounds: 3
0::0:7:3	3	VALUE	Rewards in last 100 rounds: 0
0::0:7:3	4	VALUE	Rewards in last 100 rounds: 0
0::0:7:3	0	VALUE	Rewards in last 100 rounds: -1
0::0:7:5	1	VALUE	Rewards in last 100 rounds: 0
0::0:7:5	2	VALUE	Rewards in last 100 rounds: 0
0::0:7:5	3	VALUE	Rewards in last 100 rounds: 2
0::0:7:5	4	VALUE	Rewards in last 100 rounds: -1
0::0:7:5	0	VALUE	Rewards in last 100 rounds: 0
0::0:7:7	3	VALUE	Rewards in last 100 rounds: 1
0::0:7:7	1	VALUE	Rewards in last 100 rounds: -5
0::0:7:7	2	VALUE	Rewards in last 100 rounds: 0
0::0:7:7	4	VALUE	Rewards in last 100 rounds: -1
0::0:7:7	0	VALUE	Rewards in last 100 rounds: 10
0::0:7:10	1	VALUE	Rewards in last 100 rounds: -6
0::0:7:10	4	VALUE	Rewards in last 100 rounds: 0
0::0:7:10	2	VALUE	Rewards in last 100 rounds: 0
0::0:7:10	3	VALUE	Rewards in last 100 rounds: -5
0::0:7:10	0	VALUE	Rewards in last 100 rounds: 19
0::0:7:12	3	VALUE	Rewards in last 100 rounds: -1
0::0:7:12	2	VALUE	Rewards in last 100 rounds: 0
0::0:7:12	4	VALUE	Rewards in last 100 rounds: 5
0::0:7:12	1	VALUE	Rewards in last 100 rounds: 0
0::0:7:12	0	VALUE	Rewards in last 100 rounds: 7
0::0:7:14	1	VALUE	Rewards in last 100 rounds: 2
0::0:7:14	3	VALUE	Rewards in last 100 rounds: 4
0::0:7:14	4	VALUE	Rewards in last 100 rounds: 1
0::0:7:14	2	VALUE	Rewards in last 100 rounds: 0
0::0:7:14	0	VALUE	Rewards in last 100 rounds: 4
